This file contains any messages produced by compilers while
running configure, to aid debugging if configure makes a mistake.

It was created by qualityManager configure 0.1, which was
generated by GNU Autoconf 2.68.  Invocation command line was

  $ ./configure 

## --------- ##
## Platform. ##
## --------- ##

hostname = local_dtn
uname -m = i686
uname -r = 3.2.0-29-generic-pae
uname -s = Linux
uname -v = #46-Ubuntu SMP Fri Jul 27 17:25:43 UTC 2012

/usr/bin/uname -p = unknown
/bin/uname -X     = unknown

/bin/arch              = unknown
/usr/bin/arch -k       = unknown
/usr/convex/getsysinfo = unknown
/usr/bin/hostinfo      = unknown
/bin/machine           = unknown
/usr/bin/oslevel       = unknown
/bin/universe          = unknown

PATH: /usr/lib/lightdm/lightdm
PATH: /usr/local/sbin
PATH: /usr/local/bin
PATH: /usr/sbin
PATH: /usr/bin
PATH: /sbin
PATH: /bin
PATH: /usr/games
PATH: /opt/gurobi502/linux32/bin


## ----------- ##
## Core tests. ##
## ----------- ##

configure:2355: checking for a BSD-compatible install
configure:2423: result: /usr/bin/install -c
configure:2434: checking whether build environment is sane
configure:2484: result: yes
configure:2625: checking for a thread-safe mkdir -p
configure:2664: result: /bin/mkdir -p
configure:2677: checking for gawk
configure:2707: result: no
configure:2677: checking for mawk
configure:2693: found /usr/bin/mawk
configure:2704: result: mawk
configure:2715: checking whether make sets $(MAKE)
configure:2737: result: yes
configure:2846: checking build system type
configure:2860: result: i686-pc-linux-gnu
configure:2880: checking host system type
configure:2893: result: i686-pc-linux-gnu
configure:2934: checking how to print strings
configure:2961: result: printf
configure:2994: checking for style of include used by make
configure:3022: result: GNU
configure:3093: checking for gcc
configure:3109: found /usr/bin/gcc
configure:3120: result: gcc
configure:3349: checking for C compiler version
configure:3358: gcc --version >&5
gcc (Ubuntu/Linaro 4.6.3-1ubuntu5) 4.6.3
Copyright (C) 2011 Free Software Foundation, Inc.
This is free software; see the source for copying conditions.  There is NO
warranty; not even for MERCHANTABILITY or FITNESS FOR A PARTICULAR PURPOSE.

configure:3369: $? = 0
configure:3358: gcc -v >&5
Using built-in specs.
COLLECT_GCC=gcc
COLLECT_LTO_WRAPPER=/usr/lib/gcc/i686-linux-gnu/4.6/lto-wrapper
Target: i686-linux-gnu
Configured with: ../src/configure -v --with-pkgversion='Ubuntu/Linaro 4.6.3-1ubuntu5' --with-bugurl=file:///usr/share/doc/gcc-4.6/README.Bugs --enable-languages=c,c++,fortran,objc,obj-c++ --prefix=/usr --program-suffix=-4.6 --enable-shared --enable-linker-build-id --with-system-zlib --libexecdir=/usr/lib --without-included-gettext --enable-threads=posix --with-gxx-include-dir=/usr/include/c++/4.6 --libdir=/usr/lib --enable-nls --with-sysroot=/ --enable-clocale=gnu --enable-libstdcxx-debug --enable-libstdcxx-time=yes --enable-gnu-unique-object --enable-plugin --enable-objc-gc --enable-targets=all --disable-werror --with-arch-32=i686 --with-tune=generic --enable-checking=release --build=i686-linux-gnu --host=i686-linux-gnu --target=i686-linux-gnu
Thread model: posix
gcc version 4.6.3 (Ubuntu/Linaro 4.6.3-1ubuntu5) 
configure:3369: $? = 0
configure:3358: gcc -V >&5
gcc: error: unrecognized option '-V'
gcc: fatal error: no input files
compilation terminated.
configure:3369: $? = 4
configure:3358: gcc -qversion >&5
gcc: error: unrecognized option '-qversion'
gcc: fatal error: no input files
compilation terminated.
configure:3369: $? = 4
configure:3389: checking whether the C compiler works
configure:3411: gcc    conftest.c  >&5
configure:3415: $? = 0
configure:3463: result: yes
configure:3466: checking for C compiler default output file name
configure:3468: result: a.out
configure:3474: checking for suffix of executables
configure:3481: gcc -o conftest    conftest.c  >&5
configure:3485: $? = 0
configure:3507: result: 
configure:3529: checking whether we are cross compiling
configure:3537: gcc -o conftest    conftest.c  >&5
configure:3541: $? = 0
configure:3548: ./conftest
configure:3552: $? = 0
configure:3567: result: no
configure:3572: checking for suffix of object files
configure:3594: gcc -c   conftest.c >&5
configure:3598: $? = 0
configure:3619: result: o
configure:3623: checking whether we are using the GNU C compiler
configure:3642: gcc -c   conftest.c >&5
configure:3642: $? = 0
configure:3651: result: yes
configure:3660: checking whether gcc accepts -g
configure:3680: gcc -c -g  conftest.c >&5
configure:3680: $? = 0
configure:3721: result: yes
configure:3738: checking for gcc option to accept ISO C89
configure:3802: gcc  -c -g -O2  conftest.c >&5
configure:3802: $? = 0
configure:3815: result: none needed
configure:3837: checking dependency style of gcc
configure:3948: result: gcc3
configure:3963: checking for a sed that does not truncate output
configure:4027: result: /bin/sed
configure:4045: checking for grep that handles long lines and -e
configure:4103: result: /bin/grep
configure:4108: checking for egrep
configure:4170: result: /bin/grep -E
configure:4175: checking for fgrep
configure:4237: result: /bin/grep -F
configure:4272: checking for ld used by gcc
configure:4339: result: /usr/bin/ld
configure:4346: checking if the linker (/usr/bin/ld) is GNU ld
configure:4361: result: yes
configure:4373: checking for BSD- or MS-compatible name lister (nm)
configure:4422: result: /usr/bin/nm -B
configure:4552: checking the name lister (/usr/bin/nm -B) interface
configure:4559: gcc -c -g -O2  conftest.c >&5
configure:4562: /usr/bin/nm -B "conftest.o"
configure:4565: output
00000000 B some_variable
configure:4572: result: BSD nm
configure:4575: checking whether ln -s works
configure:4579: result: yes
configure:4587: checking the maximum length of command line arguments
configure:4717: result: 1572864
configure:4734: checking whether the shell understands some XSI constructs
configure:4744: result: yes
configure:4748: checking whether the shell understands "+="
configure:4754: result: yes
configure:4789: checking how to convert i686-pc-linux-gnu file names to i686-pc-linux-gnu format
configure:4829: result: func_convert_file_noop
configure:4836: checking how to convert i686-pc-linux-gnu file names to toolchain format
configure:4856: result: func_convert_file_noop
configure:4863: checking for /usr/bin/ld option to reload object files
configure:4870: result: -r
configure:4944: checking for objdump
configure:4960: found /usr/bin/objdump
configure:4971: result: objdump
configure:5003: checking how to recognize dependent libraries
configure:5205: result: pass_all
configure:5290: checking for dlltool
configure:5320: result: no
configure:5350: checking how to associate runtime and link libraries
configure:5377: result: printf %s\n
configure:5438: checking for ar
configure:5454: found /usr/bin/ar
configure:5465: result: ar
configure:5502: checking for archiver @FILE support
configure:5519: gcc -c -g -O2  conftest.c >&5
configure:5519: $? = 0
configure:5522: ar cru libconftest.a @conftest.lst >&5
configure:5525: $? = 0
configure:5530: ar cru libconftest.a @conftest.lst >&5
ar: conftest.o: No such file or directory
configure:5533: $? = 1
configure:5545: result: @
configure:5603: checking for strip
configure:5619: found /usr/bin/strip
configure:5630: result: strip
configure:5702: checking for ranlib
configure:5718: found /usr/bin/ranlib
configure:5729: result: ranlib
configure:5831: checking command to parse /usr/bin/nm -B output from gcc object
configure:5951: gcc -c -g -O2  conftest.c >&5
configure:5954: $? = 0
configure:5958: /usr/bin/nm -B conftest.o \| sed -n -e 's/^.*[ ]\([ABCDGIRSTW][ABCDGIRSTW]*\)[ ][ ]*\([_A-Za-z][_A-Za-z0-9]*\)$/\1 \2 \2/p' | sed '/ __gnu_lto/d' \> conftest.nm
configure:5961: $? = 0
configure:6027: gcc -o conftest -g -O2   conftest.c conftstm.o >&5
configure:6030: $? = 0
configure:6068: result: ok
configure:6105: checking for sysroot
configure:6135: result: no
configure:6391: checking for mt
configure:6407: found /bin/mt
configure:6418: result: mt
configure:6441: checking if mt is a manifest tool
configure:6447: mt '-?'
configure:6455: result: no
configure:7097: checking how to run the C preprocessor
configure:7128: gcc -E  conftest.c
configure:7128: $? = 0
configure:7142: gcc -E  conftest.c
conftest.c:11:28: fatal error: ac_nonexistent.h: No such file or directory
compilation terminated.
configure:7142: $? = 1
configure: failed program was:
| /* confdefs.h */
| #define PACKAGE_NAME "qualityManager"
| #define PACKAGE_TARNAME "qualitymanager"
| #define PACKAGE_VERSION "0.1"
| #define PACKAGE_STRING "qualityManager 0.1"
| #define PACKAGE_BUGREPORT "la.marentes455@uniandes.edu.co"
| #define PACKAGE_URL ""
| #define PACKAGE "qualitymanager"
| #define VERSION "0.1"
| /* end confdefs.h.  */
| #include <ac_nonexistent.h>
configure:7167: result: gcc -E
configure:7187: gcc -E  conftest.c
configure:7187: $? = 0
configure:7201: gcc -E  conftest.c
conftest.c:11:28: fatal error: ac_nonexistent.h: No such file or directory
compilation terminated.
configure:7201: $? = 1
configure: failed program was:
| /* confdefs.h */
| #define PACKAGE_NAME "qualityManager"
| #define PACKAGE_TARNAME "qualitymanager"
| #define PACKAGE_VERSION "0.1"
| #define PACKAGE_STRING "qualityManager 0.1"
| #define PACKAGE_BUGREPORT "la.marentes455@uniandes.edu.co"
| #define PACKAGE_URL ""
| #define PACKAGE "qualitymanager"
| #define VERSION "0.1"
| /* end confdefs.h.  */
| #include <ac_nonexistent.h>
configure:7230: checking for ANSI C header files
configure:7250: gcc -c -g -O2  conftest.c >&5
configure:7250: $? = 0
configure:7323: gcc -o conftest -g -O2   conftest.c  >&5
configure:7323: $? = 0
configure:7323: ./conftest
configure:7323: $? = 0
configure:7334: result: yes
configure:7347: checking for sys/types.h
configure:7347: gcc -c -g -O2  conftest.c >&5
configure:7347: $? = 0
configure:7347: result: yes
configure:7347: checking for sys/stat.h
configure:7347: gcc -c -g -O2  conftest.c >&5
configure:7347: $? = 0
configure:7347: result: yes
configure:7347: checking for stdlib.h
configure:7347: gcc -c -g -O2  conftest.c >&5
configure:7347: $? = 0
configure:7347: result: yes
configure:7347: checking for string.h
configure:7347: gcc -c -g -O2  conftest.c >&5
configure:7347: $? = 0
configure:7347: result: yes
configure:7347: checking for memory.h
configure:7347: gcc -c -g -O2  conftest.c >&5
configure:7347: $? = 0
configure:7347: result: yes
configure:7347: checking for strings.h
configure:7347: gcc -c -g -O2  conftest.c >&5
configure:7347: $? = 0
configure:7347: result: yes
configure:7347: checking for inttypes.h
configure:7347: gcc -c -g -O2  conftest.c >&5
configure:7347: $? = 0
configure:7347: result: yes
configure:7347: checking for stdint.h
configure:7347: gcc -c -g -O2  conftest.c >&5
configure:7347: $? = 0
configure:7347: result: yes
configure:7347: checking for unistd.h
configure:7347: gcc -c -g -O2  conftest.c >&5
configure:7347: $? = 0
configure:7347: result: yes
configure:7361: checking for dlfcn.h
configure:7361: gcc -c -g -O2  conftest.c >&5
configure:7361: $? = 0
configure:7361: result: yes
configure:7567: checking for objdir
configure:7582: result: .libs
configure:7853: checking if gcc supports -fno-rtti -fno-exceptions
configure:7871: gcc -c -g -O2  -fno-rtti -fno-exceptions conftest.c >&5
cc1: warning: command line option '-fno-rtti' is valid for C++/ObjC++ but not for C [enabled by default]
configure:7875: $? = 0
configure:7888: result: no
configure:8215: checking for gcc option to produce PIC
configure:8222: result: -fPIC -DPIC
configure:8230: checking if gcc PIC flag -fPIC -DPIC works
configure:8248: gcc -c -g -O2  -fPIC -DPIC -DPIC conftest.c >&5
configure:8252: $? = 0
configure:8265: result: yes
configure:8294: checking if gcc static flag -static works
configure:8322: result: yes
configure:8337: checking if gcc supports -c -o file.o
configure:8358: gcc -c -g -O2  -o out/conftest2.o conftest.c >&5
configure:8362: $? = 0
configure:8384: result: yes
configure:8392: checking if gcc supports -c -o file.o
configure:8439: result: yes
configure:8472: checking whether the gcc linker (/usr/bin/ld) supports shared libraries
configure:9629: result: yes
configure:9666: checking whether -lc should be explicitly linked in
configure:9674: gcc -c -g -O2  conftest.c >&5
configure:9677: $? = 0
configure:9692: gcc -shared  -fPIC -DPIC conftest.o  -v -Wl,-soname -Wl,conftest -o conftest 2\>\&1 \| /bin/grep  -lc  \>/dev/null 2\>\&1
configure:9695: $? = 0
configure:9709: result: no
configure:9869: checking dynamic linker characteristics
configure:10380: gcc -o conftest -g -O2   -Wl,-rpath -Wl,/foo conftest.c  >&5
configure:10380: $? = 0
configure:10614: result: GNU/Linux ld.so
configure:10721: checking how to hardcode library paths into programs
configure:10746: result: immediate
configure:11286: checking whether stripping libraries is possible
configure:11291: result: yes
configure:11326: checking if libtool supports shared libraries
configure:11328: result: yes
configure:11331: checking whether to build shared libraries
configure:11352: result: yes
configure:11355: checking whether to build static libraries
configure:11359: result: yes
configure:11410: checking whether to enable maintainer-specific portions of Makefiles
configure:11419: result: no
configure:11492: checking for g++
configure:11508: found /usr/bin/g++
configure:11519: result: g++
configure:11546: checking for C++ compiler version
configure:11555: g++ --version >&5
g++ (Ubuntu/Linaro 4.6.3-1ubuntu5) 4.6.3
Copyright (C) 2011 Free Software Foundation, Inc.
This is free software; see the source for copying conditions.  There is NO
warranty; not even for MERCHANTABILITY or FITNESS FOR A PARTICULAR PURPOSE.

configure:11566: $? = 0
configure:11555: g++ -v >&5
Using built-in specs.
COLLECT_GCC=g++
COLLECT_LTO_WRAPPER=/usr/lib/gcc/i686-linux-gnu/4.6/lto-wrapper
Target: i686-linux-gnu
Configured with: ../src/configure -v --with-pkgversion='Ubuntu/Linaro 4.6.3-1ubuntu5' --with-bugurl=file:///usr/share/doc/gcc-4.6/README.Bugs --enable-languages=c,c++,fortran,objc,obj-c++ --prefix=/usr --program-suffix=-4.6 --enable-shared --enable-linker-build-id --with-system-zlib --libexecdir=/usr/lib --without-included-gettext --enable-threads=posix --with-gxx-include-dir=/usr/include/c++/4.6 --libdir=/usr/lib --enable-nls --with-sysroot=/ --enable-clocale=gnu --enable-libstdcxx-debug --enable-libstdcxx-time=yes --enable-gnu-unique-object --enable-plugin --enable-objc-gc --enable-targets=all --disable-werror --with-arch-32=i686 --with-tune=generic --enable-checking=release --build=i686-linux-gnu --host=i686-linux-gnu --target=i686-linux-gnu
Thread model: posix
gcc version 4.6.3 (Ubuntu/Linaro 4.6.3-1ubuntu5) 
configure:11566: $? = 0
configure:11555: g++ -V >&5
g++: error: unrecognized option '-V'
g++: fatal error: no input files
compilation terminated.
configure:11566: $? = 4
configure:11555: g++ -qversion >&5
g++: error: unrecognized option '-qversion'
g++: fatal error: no input files
compilation terminated.
configure:11566: $? = 4
configure:11570: checking whether we are using the GNU C++ compiler
configure:11589: g++ -c   conftest.cpp >&5
configure:11589: $? = 0
configure:11598: result: yes
configure:11607: checking whether g++ accepts -g
configure:11627: g++ -c -g  conftest.cpp >&5
configure:11627: $? = 0
configure:11668: result: yes
configure:11693: checking dependency style of g++
configure:11804: result: gcc3
configure:11837: checking how to run the C++ preprocessor
configure:11864: g++ -E  conftest.cpp
configure:11864: $? = 0
configure:11878: g++ -E  conftest.cpp
conftest.cpp:23:28: fatal error: ac_nonexistent.h: No such file or directory
compilation terminated.
configure:11878: $? = 1
configure: failed program was:
| /* confdefs.h */
| #define PACKAGE_NAME "qualityManager"
| #define PACKAGE_TARNAME "qualitymanager"
| #define PACKAGE_VERSION "0.1"
| #define PACKAGE_STRING "qualityManager 0.1"
| #define PACKAGE_BUGREPORT "la.marentes455@uniandes.edu.co"
| #define PACKAGE_URL ""
| #define PACKAGE "qualitymanager"
| #define VERSION "0.1"
| #define STDC_HEADERS 1
| #define HAVE_SYS_TYPES_H 1
| #define HAVE_SYS_STAT_H 1
| #define HAVE_STDLIB_H 1
| #define HAVE_STRING_H 1
| #define HAVE_MEMORY_H 1
| #define HAVE_STRINGS_H 1
| #define HAVE_INTTYPES_H 1
| #define HAVE_STDINT_H 1
| #define HAVE_UNISTD_H 1
| #define HAVE_DLFCN_H 1
| #define LT_OBJDIR ".libs/"
| /* end confdefs.h.  */
| #include <ac_nonexistent.h>
configure:11903: result: g++ -E
configure:11923: g++ -E  conftest.cpp
configure:11923: $? = 0
configure:11937: g++ -E  conftest.cpp
conftest.cpp:23:28: fatal error: ac_nonexistent.h: No such file or directory
compilation terminated.
configure:11937: $? = 1
configure: failed program was:
| /* confdefs.h */
| #define PACKAGE_NAME "qualityManager"
| #define PACKAGE_TARNAME "qualitymanager"
| #define PACKAGE_VERSION "0.1"
| #define PACKAGE_STRING "qualityManager 0.1"
| #define PACKAGE_BUGREPORT "la.marentes455@uniandes.edu.co"
| #define PACKAGE_URL ""
| #define PACKAGE "qualitymanager"
| #define VERSION "0.1"
| #define STDC_HEADERS 1
| #define HAVE_SYS_TYPES_H 1
| #define HAVE_SYS_STAT_H 1
| #define HAVE_STDLIB_H 1
| #define HAVE_STRING_H 1
| #define HAVE_MEMORY_H 1
| #define HAVE_STRINGS_H 1
| #define HAVE_INTTYPES_H 1
| #define HAVE_STDINT_H 1
| #define HAVE_UNISTD_H 1
| #define HAVE_DLFCN_H 1
| #define LT_OBJDIR ".libs/"
| /* end confdefs.h.  */
| #include <ac_nonexistent.h>
configure:12106: checking for ld used by g++
configure:12173: result: /usr/bin/ld
configure:12180: checking if the linker (/usr/bin/ld) is GNU ld
configure:12195: result: yes
configure:12250: checking whether the g++ linker (/usr/bin/ld) supports shared libraries
configure:13255: result: yes
configure:13291: g++ -c -g -O2  conftest.cpp >&5
configure:13294: $? = 0
configure:13814: checking for g++ option to produce PIC
configure:13821: result: -fPIC -DPIC
configure:13829: checking if g++ PIC flag -fPIC -DPIC works
configure:13847: g++ -c -g -O2  -fPIC -DPIC -DPIC conftest.cpp >&5
configure:13851: $? = 0
configure:13864: result: yes
configure:13887: checking if g++ static flag -static works
configure:13915: result: yes
configure:13927: checking if g++ supports -c -o file.o
configure:13948: g++ -c -g -O2  -o out/conftest2.o conftest.cpp >&5
configure:13952: $? = 0
configure:13974: result: yes
configure:13979: checking if g++ supports -c -o file.o
configure:14026: result: yes
configure:14056: checking whether the g++ linker (/usr/bin/ld) supports shared libraries
configure:14095: result: yes
configure:14236: checking dynamic linker characteristics
configure:14915: result: GNU/Linux ld.so
configure:14968: checking how to hardcode library paths into programs
configure:14993: result: immediate
configure:15081: checking for gcc
configure:15108: result: gcc
configure:15337: checking for C compiler version
configure:15346: gcc --version >&5
gcc (Ubuntu/Linaro 4.6.3-1ubuntu5) 4.6.3
Copyright (C) 2011 Free Software Foundation, Inc.
This is free software; see the source for copying conditions.  There is NO
warranty; not even for MERCHANTABILITY or FITNESS FOR A PARTICULAR PURPOSE.

configure:15357: $? = 0
configure:15346: gcc -v >&5
Using built-in specs.
COLLECT_GCC=gcc
COLLECT_LTO_WRAPPER=/usr/lib/gcc/i686-linux-gnu/4.6/lto-wrapper
Target: i686-linux-gnu
Configured with: ../src/configure -v --with-pkgversion='Ubuntu/Linaro 4.6.3-1ubuntu5' --with-bugurl=file:///usr/share/doc/gcc-4.6/README.Bugs --enable-languages=c,c++,fortran,objc,obj-c++ --prefix=/usr --program-suffix=-4.6 --enable-shared --enable-linker-build-id --with-system-zlib --libexecdir=/usr/lib --without-included-gettext --enable-threads=posix --with-gxx-include-dir=/usr/include/c++/4.6 --libdir=/usr/lib --enable-nls --with-sysroot=/ --enable-clocale=gnu --enable-libstdcxx-debug --enable-libstdcxx-time=yes --enable-gnu-unique-object --enable-plugin --enable-objc-gc --enable-targets=all --disable-werror --with-arch-32=i686 --with-tune=generic --enable-checking=release --build=i686-linux-gnu --host=i686-linux-gnu --target=i686-linux-gnu
Thread model: posix
gcc version 4.6.3 (Ubuntu/Linaro 4.6.3-1ubuntu5) 
configure:15357: $? = 0
configure:15346: gcc -V >&5
gcc: error: unrecognized option '-V'
gcc: fatal error: no input files
compilation terminated.
configure:15357: $? = 4
configure:15346: gcc -qversion >&5
gcc: error: unrecognized option '-qversion'
gcc: fatal error: no input files
compilation terminated.
configure:15357: $? = 4
configure:15361: checking whether we are using the GNU C compiler
configure:15389: result: yes
configure:15398: checking whether gcc accepts -g
configure:15459: result: yes
configure:15476: checking for gcc option to accept ISO C89
configure:15553: result: none needed
configure:15575: checking dependency style of gcc
configure:15686: result: gcc3
configure:15705: checking for gawk
configure:15732: result: mawk
configure:15759: checking for stdbool.h that conforms to C99
configure:15826: g++ -c -g -O2  conftest.cpp >&5
configure:15826: $? = 0
configure:15833: result: yes
configure:15835: checking for _Bool
configure:15835: g++ -c -g -O2  conftest.cpp >&5
conftest.cpp: In function 'int main()':
conftest.cpp:59:13: error: '_Bool' was not declared in this scope
configure:15835: $? = 1
configure: failed program was:
| /* confdefs.h */
| #define PACKAGE_NAME "qualityManager"
| #define PACKAGE_TARNAME "qualitymanager"
| #define PACKAGE_VERSION "0.1"
| #define PACKAGE_STRING "qualityManager 0.1"
| #define PACKAGE_BUGREPORT "la.marentes455@uniandes.edu.co"
| #define PACKAGE_URL ""
| #define PACKAGE "qualitymanager"
| #define VERSION "0.1"
| #define STDC_HEADERS 1
| #define HAVE_SYS_TYPES_H 1
| #define HAVE_SYS_STAT_H 1
| #define HAVE_STDLIB_H 1
| #define HAVE_STRING_H 1
| #define HAVE_MEMORY_H 1
| #define HAVE_STRINGS_H 1
| #define HAVE_INTTYPES_H 1
| #define HAVE_STDINT_H 1
| #define HAVE_UNISTD_H 1
| #define HAVE_DLFCN_H 1
| #define LT_OBJDIR ".libs/"
| /* end confdefs.h.  */
| #include <stdio.h>
| #ifdef HAVE_SYS_TYPES_H
| # include <sys/types.h>
| #endif
| #ifdef HAVE_SYS_STAT_H
| # include <sys/stat.h>
| #endif
| #ifdef STDC_HEADERS
| # include <stdlib.h>
| # include <stddef.h>
| #else
| # ifdef HAVE_STDLIB_H
| #  include <stdlib.h>
| # endif
| #endif
| #ifdef HAVE_STRING_H
| # if !defined STDC_HEADERS && defined HAVE_MEMORY_H
| #  include <memory.h>
| # endif
| # include <string.h>
| #endif
| #ifdef HAVE_STRINGS_H
| # include <strings.h>
| #endif
| #ifdef HAVE_INTTYPES_H
| # include <inttypes.h>
| #endif
| #ifdef HAVE_STDINT_H
| # include <stdint.h>
| #endif
| #ifdef HAVE_UNISTD_H
| # include <unistd.h>
| #endif
| int
| main ()
| {
| if (sizeof (_Bool))
| 	 return 0;
|   ;
|   return 0;
| }
configure:15835: result: no
configure:15908: checking for pkg-config
configure:15926: found /usr/bin/pkg-config
configure:15938: result: /usr/bin/pkg-config
configure:15963: checking pkg-config is at least version 0.9.0
configure:15966: result: yes
configure:15976: checking for NL3
configure:15983: $PKG_CONFIG --exists --print-errors "libnl-3.0 >= 3.0"
configure:15986: $? = 0
configure:16000: $PKG_CONFIG --exists --print-errors "libnl-3.0 >= 3.0"
configure:16003: $? = 0
configure:16047: result: yes
configure:16062: checking for NL_ROUTE_3
configure:16069: $PKG_CONFIG --exists --print-errors "libnl-route-3.0 >= 3.0"
configure:16072: $? = 0
configure:16086: $PKG_CONFIG --exists --print-errors "libnl-route-3.0 >= 3.0"
configure:16089: $? = 0
configure:16133: result: yes
configure:16171: g++ -o conftest -g -O2  -I/usr/local/include/Poco  -L/usr/local/lib/ conftest.cpp  -lPocoFoundation -lPocoUtil -lPocoNet >&5
configure:16171: $? = 0
configure:16335: creating ./config.status

## ---------------------- ##
## Running config.status. ##
## ---------------------- ##

This file was extended by qualityManager config.status 0.1, which was
generated by GNU Autoconf 2.68.  Invocation command line was

  CONFIG_FILES    = 
  CONFIG_HEADERS  = 
  CONFIG_LINKS    = 
  CONFIG_COMMANDS = 
  $ ./config.status 

on local_dtn

config.status:1168: creating Makefile
config.status:1168: creating src/Makefile
config.status:1168: creating config.h
config.status:1349: config.h is unchanged
config.status:1397: executing depfiles commands
config.status:1397: executing libtool commands

## ---------------- ##
## Cache variables. ##
## ---------------- ##

ac_cv_build=i686-pc-linux-gnu
ac_cv_c_compiler_gnu=yes
ac_cv_cxx_compiler_gnu=yes
ac_cv_env_CCC_set=
ac_cv_env_CCC_value=
ac_cv_env_CC_set=
ac_cv_env_CC_value=
ac_cv_env_CFLAGS_set=
ac_cv_env_CFLAGS_value=
ac_cv_env_CPPFLAGS_set=
ac_cv_env_CPPFLAGS_value=
ac_cv_env_CPP_set=
ac_cv_env_CPP_value=
ac_cv_env_CXXCPP_set=
ac_cv_env_CXXCPP_value=
ac_cv_env_CXXFLAGS_set=
ac_cv_env_CXXFLAGS_value=
ac_cv_env_CXX_set=
ac_cv_env_CXX_value=
ac_cv_env_LDFLAGS_set=
ac_cv_env_LDFLAGS_value=
ac_cv_env_LIBS_set=
ac_cv_env_LIBS_value=
ac_cv_env_NL3_CFLAGS_set=
ac_cv_env_NL3_CFLAGS_value=
ac_cv_env_NL3_LIBS_set=
ac_cv_env_NL3_LIBS_value=
ac_cv_env_NL_ROUTE_3_CFLAGS_set=
ac_cv_env_NL_ROUTE_3_CFLAGS_value=
ac_cv_env_NL_ROUTE_3_LIBS_set=
ac_cv_env_NL_ROUTE_3_LIBS_value=
ac_cv_env_PKG_CONFIG_LIBDIR_set=
ac_cv_env_PKG_CONFIG_LIBDIR_value=
ac_cv_env_PKG_CONFIG_PATH_set=
ac_cv_env_PKG_CONFIG_PATH_value=
ac_cv_env_PKG_CONFIG_set=
ac_cv_env_PKG_CONFIG_value=
ac_cv_env_build_alias_set=
ac_cv_env_build_alias_value=
ac_cv_env_host_alias_set=
ac_cv_env_host_alias_value=
ac_cv_env_target_alias_set=
ac_cv_env_target_alias_value=
ac_cv_header_dlfcn_h=yes
ac_cv_header_inttypes_h=yes
ac_cv_header_memory_h=yes
ac_cv_header_stdbool_h=yes
ac_cv_header_stdc=yes
ac_cv_header_stdint_h=yes
ac_cv_header_stdlib_h=yes
ac_cv_header_string_h=yes
ac_cv_header_strings_h=yes
ac_cv_header_sys_stat_h=yes
ac_cv_header_sys_types_h=yes
ac_cv_header_unistd_h=yes
ac_cv_host=i686-pc-linux-gnu
ac_cv_objext=o
ac_cv_path_EGREP='/bin/grep -E'
ac_cv_path_FGREP='/bin/grep -F'
ac_cv_path_GREP=/bin/grep
ac_cv_path_SED=/bin/sed
ac_cv_path_ac_pt_PKG_CONFIG=/usr/bin/pkg-config
ac_cv_path_install='/usr/bin/install -c'
ac_cv_path_mkdir=/bin/mkdir
ac_cv_prog_AWK=mawk
ac_cv_prog_CPP='gcc -E'
ac_cv_prog_CXXCPP='g++ -E'
ac_cv_prog_ac_ct_AR=ar
ac_cv_prog_ac_ct_CC=gcc
ac_cv_prog_ac_ct_CXX=g++
ac_cv_prog_ac_ct_MANIFEST_TOOL=mt
ac_cv_prog_ac_ct_OBJDUMP=objdump
ac_cv_prog_ac_ct_RANLIB=ranlib
ac_cv_prog_ac_ct_STRIP=strip
ac_cv_prog_cc_c89=
ac_cv_prog_cc_g=yes
ac_cv_prog_cxx_g=yes
ac_cv_prog_make_make_set=yes
ac_cv_type__Bool=no
am_cv_CC_dependencies_compiler_type=gcc3
am_cv_CXX_dependencies_compiler_type=gcc3
lt_cv_ar_at_file=@
lt_cv_archive_cmds_need_lc=no
lt_cv_deplibs_check_method=pass_all
lt_cv_file_magic_cmd='$MAGIC_CMD'
lt_cv_file_magic_test_file=
lt_cv_ld_reload_flag=-r
lt_cv_nm_interface='BSD nm'
lt_cv_objdir=.libs
lt_cv_path_LD=/usr/bin/ld
lt_cv_path_LDCXX=/usr/bin/ld
lt_cv_path_NM='/usr/bin/nm -B'
lt_cv_path_mainfest_tool=no
lt_cv_prog_compiler_c_o=yes
lt_cv_prog_compiler_c_o_CXX=yes
lt_cv_prog_compiler_pic='-fPIC -DPIC'
lt_cv_prog_compiler_pic_CXX='-fPIC -DPIC'
lt_cv_prog_compiler_pic_works=yes
lt_cv_prog_compiler_pic_works_CXX=yes
lt_cv_prog_compiler_rtti_exceptions=no
lt_cv_prog_compiler_static_works=yes
lt_cv_prog_compiler_static_works_CXX=yes
lt_cv_prog_gnu_ld=yes
lt_cv_prog_gnu_ldcxx=yes
lt_cv_sharedlib_from_linklib_cmd='printf %s\n'
lt_cv_shlibpath_overrides_runpath=no
lt_cv_sys_global_symbol_pipe='sed -n -e '\''s/^.*[	 ]\([ABCDGIRSTW][ABCDGIRSTW]*\)[	 ][	 ]*\([_A-Za-z][_A-Za-z0-9]*\)$/\1 \2 \2/p'\'' | sed '\''/ __gnu_lto/d'\'''
lt_cv_sys_global_symbol_to_c_name_address='sed -n -e '\''s/^: \([^ ]*\)[ ]*$/  {\"\1\", (void *) 0},/p'\'' -e '\''s/^[ABCDGIRSTW]* \([^ ]*\) \([^ ]*\)$/  {"\2", (void *) \&\2},/p'\'''
lt_cv_sys_global_symbol_to_c_name_address_lib_prefix='sed -n -e '\''s/^: \([^ ]*\)[ ]*$/  {\"\1\", (void *) 0},/p'\'' -e '\''s/^[ABCDGIRSTW]* \([^ ]*\) \(lib[^ ]*\)$/  {"\2", (void *) \&\2},/p'\'' -e '\''s/^[ABCDGIRSTW]* \([^ ]*\) \([^ ]*\)$/  {"lib\2", (void *) \&\2},/p'\'''
lt_cv_sys_global_symbol_to_cdecl='sed -n -e '\''s/^T .* \(.*\)$/extern int \1();/p'\'' -e '\''s/^[ABCDGIRSTW]* .* \(.*\)$/extern char \1;/p'\'''
lt_cv_sys_max_cmd_len=1572864
lt_cv_to_host_file_cmd=func_convert_file_noop
lt_cv_to_tool_file_cmd=func_convert_file_noop
pkg_cv_NL3_CFLAGS='-I/usr/include/libnl3  '
pkg_cv_NL3_LIBS='-lnl-3  '
pkg_cv_NL_ROUTE_3_CFLAGS='-I/usr/include/libnl3  '
pkg_cv_NL_ROUTE_3_LIBS='-lnl-route-3 -lnl-3  '

## ----------------- ##
## Output variables. ##
## ----------------- ##

ACLOCAL='${SHELL} /home/luis/QualityManager/missing --run aclocal-1.11'
AMDEPBACKSLASH='\'
AMDEP_FALSE='#'
AMDEP_TRUE=''
AMTAR='$${TAR-tar}'
AR='ar'
AUTOCONF='${SHELL} /home/luis/QualityManager/missing --run autoconf'
AUTOHEADER='${SHELL} /home/luis/QualityManager/missing --run autoheader'
AUTOMAKE='${SHELL} /home/luis/QualityManager/missing --run automake-1.11'
AWK='mawk'
CC='gcc'
CCDEPMODE='depmode=gcc3'
CFLAGS='-g -O2'
CPP='gcc -E'
CPPFLAGS=''
CXX='g++'
CXXCPP='g++ -E'
CXXDEPMODE='depmode=gcc3'
CXXFLAGS='-g -O2'
CYGPATH_W='echo'
DEFS='-DHAVE_CONFIG_H'
DEPDIR='.deps'
DLLTOOL='false'
DSYMUTIL=''
DUMPBIN=''
ECHO_C=''
ECHO_N='-n'
ECHO_T=''
EGREP='/bin/grep -E'
EXEEXT=''
FGREP='/bin/grep -F'
GREP='/bin/grep'
INSTALL_DATA='${INSTALL} -m 644'
INSTALL_PROGRAM='${INSTALL}'
INSTALL_SCRIPT='${INSTALL}'
INSTALL_STRIP_PROGRAM='$(install_sh) -c -s'
LD='/usr/bin/ld'
LDFLAGS=''
LIBOBJS=''
LIBS=''
LIBTOOL='$(SHELL) $(top_builddir)/libtool'
LIPO=''
LN_S='ln -s'
LTLIBOBJS=''
MAINT='#'
MAINTAINER_MODE_FALSE=''
MAINTAINER_MODE_TRUE='#'
MAKEINFO='${SHELL} /home/luis/QualityManager/missing --run makeinfo'
MANIFEST_TOOL=':'
MKDIR_P='/bin/mkdir -p'
NL3_CFLAGS='-I/usr/include/libnl3  '
NL3_LIBS='-lnl-3  '
NL_ROUTE_3_CFLAGS='-I/usr/include/libnl3  '
NL_ROUTE_3_LIBS='-lnl-route-3 -lnl-3  '
NM='/usr/bin/nm -B'
NMEDIT=''
OBJDUMP='objdump'
OBJEXT='o'
OTOOL64=''
OTOOL=''
PACKAGE='qualitymanager'
PACKAGE_BUGREPORT='la.marentes455@uniandes.edu.co'
PACKAGE_NAME='qualityManager'
PACKAGE_STRING='qualityManager 0.1'
PACKAGE_TARNAME='qualitymanager'
PACKAGE_URL=''
PACKAGE_VERSION='0.1'
PATH_SEPARATOR=':'
PKG_CONFIG='/usr/bin/pkg-config'
PKG_CONFIG_LIBDIR=''
PKG_CONFIG_PATH=''
RANLIB='ranlib'
SED='/bin/sed'
SET_MAKE=''
SHELL='/bin/bash'
STRIP='strip'
VERSION='0.1'
ac_ct_AR='ar'
ac_ct_CC='gcc'
ac_ct_CXX='g++'
ac_ct_DUMPBIN=''
am__EXEEXT_FALSE=''
am__EXEEXT_TRUE='#'
am__fastdepCC_FALSE='#'
am__fastdepCC_TRUE=''
am__fastdepCXX_FALSE='#'
am__fastdepCXX_TRUE=''
am__include='include'
am__isrc=''
am__leading_dot='.'
am__nodep='_no'
am__quote=''
am__tar='$${TAR-tar} chof - "$$tardir"'
am__untar='$${TAR-tar} xf -'
bindir='${exec_prefix}/bin'
build='i686-pc-linux-gnu'
build_alias=''
build_cpu='i686'
build_os='linux-gnu'
build_vendor='pc'
datadir='${datarootdir}'
datarootdir='${prefix}/share'
docdir='${datarootdir}/doc/${PACKAGE_TARNAME}'
dvidir='${docdir}'
exec_prefix='${prefix}'
host='i686-pc-linux-gnu'
host_alias=''
host_cpu='i686'
host_os='linux-gnu'
host_vendor='pc'
htmldir='${docdir}'
includedir='${prefix}/include'
infodir='${datarootdir}/info'
install_sh='${SHELL} /home/luis/QualityManager/install-sh'
libdir='${exec_prefix}/lib'
libexecdir='${exec_prefix}/libexec'
localedir='${datarootdir}/locale'
localstatedir='${prefix}/var'
mandir='${datarootdir}/man'
mkdir_p='/bin/mkdir -p'
oldincludedir='/usr/include'
pdfdir='${docdir}'
poco_CFLAGS='-DHAVE_PCAP -I/usr/local/include/Poco'
poco_LDFLAGS='-L/usr/local/lib/'
poco_LIBS='-lPocoFoundation -lPocoUtil -lPocoNet'
prefix='/usr/local'
program_transform_name='s,x,x,'
psdir='${docdir}'
sbindir='${exec_prefix}/sbin'
sharedstatedir='${prefix}/com'
sysconfdir='${prefix}/etc'
target_alias=''

## ----------- ##
## confdefs.h. ##
## ----------- ##

/* confdefs.h */
#define PACKAGE_NAME "qualityManager"
#define PACKAGE_TARNAME "qualitymanager"
#define PACKAGE_VERSION "0.1"
#define PACKAGE_STRING "qualityManager 0.1"
#define PACKAGE_BUGREPORT "la.marentes455@uniandes.edu.co"
#define PACKAGE_URL ""
#define PACKAGE "qualitymanager"
#define VERSION "0.1"
#define STDC_HEADERS 1
#define HAVE_SYS_TYPES_H 1
#define HAVE_SYS_STAT_H 1
#define HAVE_STDLIB_H 1
#define HAVE_STRING_H 1
#define HAVE_MEMORY_H 1
#define HAVE_STRINGS_H 1
#define HAVE_INTTYPES_H 1
#define HAVE_STDINT_H 1
#define HAVE_UNISTD_H 1
#define HAVE_DLFCN_H 1
#define LT_OBJDIR ".libs/"
#define HAVE_STDBOOL_H 1
#define HAVE_LIBNL 1
#define HAVE_LIBNL_ROUTE 1

configure: exit 0
